<?xml version="1.0" encoding="UTF-8"?>
<coverage generated="1508857648668" clover="3.2.0">
  <project timestamp="1508857648668" name="All files">
    <metrics statements="57" coveredstatements="19" conditionals="18" coveredconditionals="8" methods="36" coveredmethods="6" elements="111" coveredelements="33" complexity="0" loc="57" ncloc="57" packages="4" files="5" classes="5">
      <package name="src">
        <metrics statements="32" coveredstatements="9" conditionals="4" coveredconditionals="1" methods="20" coveredmethods="0"/>
        <file name="App.js" path="/home/erikasilva/Studying/git/udacity-react/reactnd-project-myreads-starter/src/App.js">
          <metrics statements="12" coveredstatements="0" conditionals="2" coveredconditionals="0" methods="9" coveredmethods="0"/>
          <line num="20" count="0" type="stmt"/>
          <line num="29" count="0" type="stmt"/>
          <line num="31" count="0" type="cond" truecount="0" falsecount="2"/>
          <line num="32" count="0" type="stmt"/>
          <line num="33" count="0" type="stmt"/>
          <line num="34" count="0" type="stmt"/>
          <line num="41" count="0" type="stmt"/>
          <line num="43" count="0" type="stmt"/>
          <line num="49" count="0" type="stmt"/>
          <line num="52" count="0" type="stmt"/>
          <line num="57" count="0" type="stmt"/>
          <line num="74" count="0" type="stmt"/>
        </file>
        <file name="BooksAPI.js" path="/home/erikasilva/Studying/git/udacity-react/reactnd-project-myreads-starter/src/BooksAPI.js">
          <metrics statements="20" coveredstatements="9" conditionals="2" coveredconditionals="1" methods="11" coveredmethods="0"/>
          <line num="2" count="2" type="stmt"/>
          <line num="5" count="2" type="stmt"/>
          <line num="6" count="2" type="cond" truecount="1" falsecount="1"/>
          <line num="7" count="2" type="stmt"/>
          <line num="9" count="2" type="stmt"/>
          <line num="14" count="2" type="stmt"/>
          <line num="15" count="0" type="stmt"/>
          <line num="16" count="0" type="stmt"/>
          <line num="17" count="0" type="stmt"/>
          <line num="19" count="2" type="stmt"/>
          <line num="20" count="0" type="stmt"/>
          <line num="21" count="0" type="stmt"/>
          <line num="22" count="0" type="stmt"/>
          <line num="24" count="2" type="stmt"/>
          <line num="25" count="0" type="stmt"/>
          <line num="32" count="0" type="stmt"/>
          <line num="34" count="2" type="stmt"/>
          <line num="35" count="0" type="stmt"/>
          <line num="42" count="0" type="stmt"/>
          <line num="43" count="0" type="stmt"/>
        </file>
      </package>
      <package name="src.components.book-search">
        <metrics statements="11" coveredstatements="2" conditionals="2" coveredconditionals="0" methods="7" coveredmethods="1"/>
        <file name="BookSearch.js" path="/home/erikasilva/Studying/git/udacity-react/reactnd-project-myreads-starter/src/components/book-search/BookSearch.js">
          <metrics statements="11" coveredstatements="2" conditionals="2" coveredconditionals="0" methods="7" coveredmethods="1"/>
          <line num="24" count="0" type="stmt"/>
          <line num="26" count="0" type="cond" truecount="0" falsecount="2"/>
          <line num="28" count="0" type="stmt"/>
          <line num="34" count="0" type="stmt"/>
          <line num="35" count="0" type="stmt"/>
          <line num="36" count="0" type="stmt"/>
          <line num="37" count="0" type="stmt"/>
          <line num="41" count="0" type="stmt"/>
          <line num="47" count="1" type="stmt"/>
          <line num="51" count="1" type="stmt"/>
          <line num="53" count="0" type="stmt"/>
        </file>
      </package>
      <package name="src.components.book-shelf">
        <metrics statements="9" coveredstatements="8" conditionals="10" coveredconditionals="7" methods="6" coveredmethods="5"/>
        <file name="BookShelf.js" path="/home/erikasilva/Studying/git/udacity-react/reactnd-project-myreads-starter/src/components/book-shelf/BookShelf.js">
          <metrics statements="9" coveredstatements="8" conditionals="10" coveredconditionals="7" methods="6" coveredmethods="5"/>
          <line num="10" count="3" type="stmt"/>
          <line num="15" count="5" type="cond" truecount="1" falsecount="1"/>
          <line num="17" count="5" type="stmt"/>
          <line num="20" count="5" type="stmt"/>
          <line num="28" count="5" type="stmt"/>
          <line num="35" count="5" type="stmt"/>
          <line num="44" count="1" type="stmt"/>
          <line num="47" count="25" type="cond" truecount="2" falsecount="0"/>
          <line num="57" count="0" type="stmt"/>
        </file>
      </package>
      <package name="src.components.seach-bar">
        <metrics statements="5" coveredstatements="0" conditionals="2" coveredconditionals="0" methods="3" coveredmethods="0"/>
        <file name="SearchBar.js" path="/home/erikasilva/Studying/git/udacity-react/reactnd-project-myreads-starter/src/components/seach-bar/SearchBar.js">
          <metrics statements="5" coveredstatements="0" conditionals="2" coveredconditionals="0" methods="3" coveredmethods="0"/>
          <line num="20" count="0" type="stmt"/>
          <line num="21" count="0" type="cond" truecount="0" falsecount="2"/>
          <line num="23" count="0" type="stmt"/>
          <line num="28" count="0" type="stmt"/>
          <line num="37" count="0" type="stmt"/>
        </file>
      </package>
    </metrics>
  </project>
</coverage>
