{"/home/erikasilva/Studying/git/udacity-react/reactnd-project-myreads-starter/src/App.js": {"path":"/home/erikasilva/Studying/git/udacity-react/reactnd-project-myreads-starter/src/App.js","statementMap":{"0":{"start":{"line":20,"column":2},"end":{"line":20,"column":58}},"1":{"start":{"line":20,"column":34},"end":{"line":20,"column":56}},"2":{"start":{"line":29,"column":2},"end":{"line":29,"column":29}},"3":{"start":{"line":31,"column":2},"end":{"line":36,"column":3}},"4":{"start":{"line":32,"column":3},"end":{"line":35,"column":6}},"5":{"start":{"line":33,"column":4},"end":{"line":33,"column":23}},"6":{"start":{"line":34,"column":4},"end":{"line":34,"column":90}},"7":{"start":{"line":34,"column":57},"end":{"line":34,"column":73}},"8":{"start":{"line":41,"column":18},"end":{"line":41,"column":28}},"9":{"start":{"line":43,"column":18},"end":{"line":47,"column":3}},"10":{"start":{"line":49,"column":2},"end":{"line":79,"column":3}},"11":{"start":{"line":52,"column":4},"end":{"line":69,"column":10}},"12":{"start":{"line":57,"column":7},"end":{"line":61,"column":9}},"13":{"start":{"line":74,"column":4},"end":{"line":76,"column":28}}},"fnMap":{"0":{"name":"(anonymous_0)","decl":{"start":{"line":18,"column":1},"end":{"line":18,"column":2}},"loc":{"start":{"line":18,"column":21},"end":{"line":21,"column":2}},"line":18},"1":{"name":"(anonymous_1)","decl":{"start":{"line":20,"column":25},"end":{"line":20,"column":26}},"loc":{"start":{"line":20,"column":34},"end":{"line":20,"column":56}},"line":20},"2":{"name":"(anonymous_2)","decl":{"start":{"line":28,"column":12},"end":{"line":28,"column":13}},"loc":{"start":{"line":28,"column":29},"end":{"line":37,"column":2}},"line":28},"3":{"name":"(anonymous_3)","decl":{"start":{"line":32,"column":37},"end":{"line":32,"column":38}},"loc":{"start":{"line":32,"column":43},"end":{"line":35,"column":4}},"line":32},"4":{"name":"(anonymous_4)","decl":{"start":{"line":34,"column":50},"end":{"line":34,"column":51}},"loc":{"start":{"line":34,"column":57},"end":{"line":34,"column":73}},"line":34},"5":{"name":"(anonymous_5)","decl":{"start":{"line":39,"column":1},"end":{"line":39,"column":2}},"loc":{"start":{"line":39,"column":10},"end":{"line":80,"column":2}},"line":39},"6":{"name":"(anonymous_6)","decl":{"start":{"line":51,"column":35},"end":{"line":51,"column":36}},"loc":{"start":{"line":52,"column":4},"end":{"line":69,"column":10}},"line":52},"7":{"name":"(anonymous_7)","decl":{"start":{"line":56,"column":18},"end":{"line":56,"column":19}},"loc":{"start":{"line":57,"column":7},"end":{"line":61,"column":9}},"line":57},"8":{"name":"(anonymous_8)","decl":{"start":{"line":73,"column":41},"end":{"line":73,"column":42}},"loc":{"start":{"line":74,"column":4},"end":{"line":76,"column":28}},"line":74}},"branchMap":{"0":{"loc":{"start":{"line":31,"column":2},"end":{"line":36,"column":3}},"type":"if","locations":[{"start":{"line":31,"column":2},"end":{"line":36,"column":3}},{"start":{"line":31,"column":2},"end":{"line":36,"column":3}}],"line":31}},"s":{"0":0,"1":0,"2":0,"3":0,"4":0,"5":0,"6":0,"7":0,"8":0,"9":0,"10":0,"11":0,"12":0,"13":0},"f":{"0":0,"1":0,"2":0,"3":0,"4":0,"5":0,"6":0,"7":0,"8":0},"b":{"0":[0,0]},"_coverageSchema":"332fd63041d2c1bcb487cc26dd0d5f7d97098a6c","hash":"d4ab10a8b566ccc7ea27deba7e3005d534e13cad"}
,"/home/erikasilva/Studying/git/udacity-react/reactnd-project-myreads-starter/src/BooksAPI.js": {"path":"/home/erikasilva/Studying/git/udacity-react/reactnd-project-myreads-starter/src/BooksAPI.js","statementMap":{"0":{"start":{"line":2,"column":12},"end":{"line":2,"column":51}},"1":{"start":{"line":5,"column":12},"end":{"line":5,"column":30}},"2":{"start":{"line":6,"column":0},"end":{"line":7,"column":69}},"3":{"start":{"line":7,"column":2},"end":{"line":7,"column":69}},"4":{"start":{"line":9,"column":16},"end":{"line":12,"column":1}},"5":{"start":{"line":14,"column":19},"end":{"line":17,"column":28}},"6":{"start":{"line":15,"column":2},"end":{"line":17,"column":28}},"7":{"start":{"line":16,"column":17},"end":{"line":16,"column":27}},"8":{"start":{"line":17,"column":18},"end":{"line":17,"column":27}},"9":{"start":{"line":19,"column":22},"end":{"line":22,"column":29}},"10":{"start":{"line":20,"column":2},"end":{"line":22,"column":29}},"11":{"start":{"line":21,"column":17},"end":{"line":21,"column":27}},"12":{"start":{"line":22,"column":18},"end":{"line":22,"column":28}},"13":{"start":{"line":24,"column":22},"end":{"line":32,"column":28}},"14":{"start":{"line":25,"column":2},"end":{"line":32,"column":28}},"15":{"start":{"line":32,"column":17},"end":{"line":32,"column":27}},"16":{"start":{"line":34,"column":22},"end":{"line":43,"column":29}},"17":{"start":{"line":35,"column":2},"end":{"line":43,"column":29}},"18":{"start":{"line":42,"column":17},"end":{"line":42,"column":27}},"19":{"start":{"line":43,"column":18},"end":{"line":43,"column":28}}},"fnMap":{"0":{"name":"(anonymous_0)","decl":{"start":{"line":14,"column":19},"end":{"line":14,"column":20}},"loc":{"start":{"line":15,"column":2},"end":{"line":17,"column":28}},"line":15},"1":{"name":"(anonymous_1)","decl":{"start":{"line":16,"column":10},"end":{"line":16,"column":11}},"loc":{"start":{"line":16,"column":17},"end":{"line":16,"column":27}},"line":16},"2":{"name":"(anonymous_2)","decl":{"start":{"line":17,"column":10},"end":{"line":17,"column":11}},"loc":{"start":{"line":17,"column":18},"end":{"line":17,"column":27}},"line":17},"3":{"name":"(anonymous_3)","decl":{"start":{"line":19,"column":22},"end":{"line":19,"column":23}},"loc":{"start":{"line":20,"column":2},"end":{"line":22,"column":29}},"line":20},"4":{"name":"(anonymous_4)","decl":{"start":{"line":21,"column":10},"end":{"line":21,"column":11}},"loc":{"start":{"line":21,"column":17},"end":{"line":21,"column":27}},"line":21},"5":{"name":"(anonymous_5)","decl":{"start":{"line":22,"column":10},"end":{"line":22,"column":11}},"loc":{"start":{"line":22,"column":18},"end":{"line":22,"column":28}},"line":22},"6":{"name":"(anonymous_6)","decl":{"start":{"line":24,"column":22},"end":{"line":24,"column":23}},"loc":{"start":{"line":25,"column":2},"end":{"line":32,"column":28}},"line":25},"7":{"name":"(anonymous_7)","decl":{"start":{"line":32,"column":10},"end":{"line":32,"column":11}},"loc":{"start":{"line":32,"column":17},"end":{"line":32,"column":27}},"line":32},"8":{"name":"(anonymous_8)","decl":{"start":{"line":34,"column":22},"end":{"line":34,"column":23}},"loc":{"start":{"line":35,"column":2},"end":{"line":43,"column":29}},"line":35},"9":{"name":"(anonymous_9)","decl":{"start":{"line":42,"column":10},"end":{"line":42,"column":11}},"loc":{"start":{"line":42,"column":17},"end":{"line":42,"column":27}},"line":42},"10":{"name":"(anonymous_10)","decl":{"start":{"line":43,"column":10},"end":{"line":43,"column":11}},"loc":{"start":{"line":43,"column":18},"end":{"line":43,"column":28}},"line":43}},"branchMap":{"0":{"loc":{"start":{"line":6,"column":0},"end":{"line":7,"column":69}},"type":"if","locations":[{"start":{"line":6,"column":0},"end":{"line":7,"column":69}},{"start":{"line":6,"column":0},"end":{"line":7,"column":69}}],"line":6}},"s":{"0":2,"1":2,"2":2,"3":2,"4":2,"5":2,"6":0,"7":0,"8":0,"9":2,"10":0,"11":0,"12":0,"13":2,"14":0,"15":0,"16":2,"17":0,"18":0,"19":0},"f":{"0":0,"1":0,"2":0,"3":0,"4":0,"5":0,"6":0,"7":0,"8":0,"9":0,"10":0},"b":{"0":[2,0]},"_coverageSchema":"332fd63041d2c1bcb487cc26dd0d5f7d97098a6c","hash":"6dda8311ea7c89c72a5ad4d680d426d4246152a3"}
,"/home/erikasilva/Studying/git/udacity-react/reactnd-project-myreads-starter/src/components/book-search/BookSearch.js": {"path":"/home/erikasilva/Studying/git/udacity-react/reactnd-project-myreads-starter/src/components/book-search/BookSearch.js","statementMap":{"0":{"start":{"line":24,"column":2},"end":{"line":43,"column":4}},"1":{"start":{"line":26,"column":3},"end":{"line":42,"column":4}},"2":{"start":{"line":28,"column":4},"end":{"line":28,"column":31}},"3":{"start":{"line":34,"column":4},"end":{"line":38,"column":7}},"4":{"start":{"line":35,"column":5},"end":{"line":37,"column":52}},"5":{"start":{"line":36,"column":23},"end":{"line":36,"column":49}},"6":{"start":{"line":37,"column":20},"end":{"line":37,"column":50}},"7":{"start":{"line":41,"column":4},"end":{"line":41,"column":35}},"8":{"start":{"line":47,"column":16},"end":{"line":50,"column":3}},"9":{"start":{"line":51,"column":2},"end":{"line":63,"column":3}},"10":{"start":{"line":53,"column":44},"end":{"line":53,"column":65}}},"fnMap":{"0":{"name":"(anonymous_0)","decl":{"start":{"line":23,"column":14},"end":{"line":23,"column":15}},"loc":{"start":{"line":23,"column":24},"end":{"line":44,"column":2}},"line":23},"1":{"name":"(anonymous_1)","decl":{"start":{"line":24,"column":33},"end":{"line":24,"column":34}},"loc":{"start":{"line":24,"column":45},"end":{"line":43,"column":3}},"line":24},"2":{"name":"(anonymous_2)","decl":{"start":{"line":34,"column":36},"end":{"line":34,"column":37}},"loc":{"start":{"line":34,"column":51},"end":{"line":38,"column":5}},"line":34},"3":{"name":"(anonymous_3)","decl":{"start":{"line":36,"column":15},"end":{"line":36,"column":16}},"loc":{"start":{"line":36,"column":23},"end":{"line":36,"column":49}},"line":36},"4":{"name":"(anonymous_4)","decl":{"start":{"line":37,"column":12},"end":{"line":37,"column":13}},"loc":{"start":{"line":37,"column":20},"end":{"line":37,"column":50}},"line":37},"5":{"name":"(anonymous_5)","decl":{"start":{"line":46,"column":1},"end":{"line":46,"column":2}},"loc":{"start":{"line":46,"column":10},"end":{"line":64,"column":2}},"line":46},"6":{"name":"(anonymous_6)","decl":{"start":{"line":53,"column":36},"end":{"line":53,"column":37}},"loc":{"start":{"line":53,"column":44},"end":{"line":53,"column":65}},"line":53}},"branchMap":{"0":{"loc":{"start":{"line":26,"column":3},"end":{"line":42,"column":4}},"type":"if","locations":[{"start":{"line":26,"column":3},"end":{"line":42,"column":4}},{"start":{"line":26,"column":3},"end":{"line":42,"column":4}}],"line":26}},"s":{"0":0,"1":0,"2":0,"3":0,"4":0,"5":0,"6":0,"7":0,"8":1,"9":1,"10":0},"f":{"0":0,"1":0,"2":0,"3":0,"4":0,"5":1,"6":0},"b":{"0":[0,0]},"_coverageSchema":"332fd63041d2c1bcb487cc26dd0d5f7d97098a6c","hash":"0ec6421bd58087751044a168aacf65a87953d435"}
,"/home/erikasilva/Studying/git/udacity-react/reactnd-project-myreads-starter/src/components/book-shelf/BookShelf.js": {"path":"/home/erikasilva/Studying/git/udacity-react/reactnd-project-myreads-starter/src/components/book-shelf/BookShelf.js","statementMap":{"0":{"start":{"line":10,"column":18},"end":{"line":67,"column":1}},"1":{"start":{"line":15,"column":22},"end":{"line":17,"column":61}},"2":{"start":{"line":17,"column":34},"end":{"line":17,"column":60}},"3":{"start":{"line":20,"column":17},"end":{"line":26,"column":2}},"4":{"start":{"line":28,"column":1},"end":{"line":66,"column":2}},"5":{"start":{"line":35,"column":6},"end":{"line":60,"column":11}},"6":{"start":{"line":44,"column":35},"end":{"line":44,"column":65}},"7":{"start":{"line":47,"column":13},"end":{"line":50,"column":65}},"8":{"start":{"line":57,"column":10},"end":{"line":57,"column":67}}},"fnMap":{"0":{"name":"(anonymous_0)","decl":{"start":{"line":10,"column":18},"end":{"line":10,"column":19}},"loc":{"start":{"line":10,"column":41},"end":{"line":67,"column":1}},"line":10},"1":{"name":"(anonymous_1)","decl":{"start":{"line":17,"column":26},"end":{"line":17,"column":27}},"loc":{"start":{"line":17,"column":34},"end":{"line":17,"column":60}},"line":17},"2":{"name":"(anonymous_2)","decl":{"start":{"line":34,"column":41},"end":{"line":34,"column":42}},"loc":{"start":{"line":35,"column":6},"end":{"line":60,"column":11}},"line":35},"3":{"name":"(anonymous_3)","decl":{"start":{"line":44,"column":28},"end":{"line":44,"column":29}},"loc":{"start":{"line":44,"column":35},"end":{"line":44,"column":65}},"line":44},"4":{"name":"(anonymous_4)","decl":{"start":{"line":46,"column":24},"end":{"line":46,"column":25}},"loc":{"start":{"line":47,"column":13},"end":{"line":50,"column":65}},"line":47},"5":{"name":"(anonymous_5)","decl":{"start":{"line":56,"column":42},"end":{"line":56,"column":43}},"loc":{"start":{"line":57,"column":10},"end":{"line":57,"column":67}},"line":57}},"branchMap":{"0":{"loc":{"start":{"line":15,"column":22},"end":{"line":17,"column":61}},"type":"cond-expr","locations":[{"start":{"line":16,"column":5},"end":{"line":16,"column":16}},{"start":{"line":17,"column":7},"end":{"line":17,"column":61}}],"line":15},"1":{"loc":{"start":{"line":34,"column":8},"end":{"line":61,"column":9}},"type":"binary-expr","locations":[{"start":{"line":34,"column":8},"end":{"line":34,"column":20}},{"start":{"line":34,"column":24},"end":{"line":61,"column":9}}],"line":34},"2":{"loc":{"start":{"line":41,"column":34},"end":{"line":41,"column":83}},"type":"binary-expr","locations":[{"start":{"line":41,"column":34},"end":{"line":41,"column":49}},{"start":{"line":41,"column":53},"end":{"line":41,"column":83}}],"line":41},"3":{"loc":{"start":{"line":47,"column":32},"end":{"line":47,"column":82}},"type":"cond-expr","locations":[{"start":{"line":47,"column":62},"end":{"line":47,"column":77}},{"start":{"line":47,"column":80},"end":{"line":47,"column":82}}],"line":47},"4":{"loc":{"start":{"line":56,"column":9},"end":{"line":58,"column":10}},"type":"binary-expr","locations":[{"start":{"line":56,"column":9},"end":{"line":56,"column":21}},{"start":{"line":56,"column":25},"end":{"line":58,"column":10}}],"line":56}},"s":{"0":3,"1":5,"2":5,"3":5,"4":5,"5":5,"6":1,"7":25,"8":0},"f":{"0":5,"1":5,"2":5,"3":1,"4":25,"5":0},"b":{"0":[0,5],"1":[5,5],"2":[5,0],"3":[5,20],"4":[5,0]},"_coverageSchema":"332fd63041d2c1bcb487cc26dd0d5f7d97098a6c","hash":"3f7d3bfb03060a0dfd0c7eb2d9b5d99e4c081bb1"}
,"/home/erikasilva/Studying/git/udacity-react/reactnd-project-myreads-starter/src/components/seach-bar/SearchBar.js": {"path":"/home/erikasilva/Studying/git/udacity-react/reactnd-project-myreads-starter/src/components/seach-bar/SearchBar.js","statementMap":{"0":{"start":{"line":20,"column":2},"end":{"line":20,"column":24}},"1":{"start":{"line":21,"column":2},"end":{"line":24,"column":3}},"2":{"start":{"line":23,"column":3},"end":{"line":23,"column":46}},"3":{"start":{"line":28,"column":2},"end":{"line":41,"column":3}},"4":{"start":{"line":37,"column":33},"end":{"line":37,"column":71}}},"fnMap":{"0":{"name":"(anonymous_0)","decl":{"start":{"line":18,"column":1},"end":{"line":18,"column":2}},"loc":{"start":{"line":18,"column":21},"end":{"line":25,"column":2}},"line":18},"1":{"name":"(anonymous_1)","decl":{"start":{"line":27,"column":1},"end":{"line":27,"column":2}},"loc":{"start":{"line":27,"column":10},"end":{"line":42,"column":2}},"line":27},"2":{"name":"(anonymous_2)","decl":{"start":{"line":37,"column":24},"end":{"line":37,"column":25}},"loc":{"start":{"line":37,"column":33},"end":{"line":37,"column":71}},"line":37}},"branchMap":{"0":{"loc":{"start":{"line":21,"column":2},"end":{"line":24,"column":3}},"type":"if","locations":[{"start":{"line":21,"column":2},"end":{"line":24,"column":3}},{"start":{"line":21,"column":2},"end":{"line":24,"column":3}}],"line":21}},"s":{"0":0,"1":0,"2":0,"3":0,"4":0},"f":{"0":0,"1":0,"2":0},"b":{"0":[0,0]},"_coverageSchema":"332fd63041d2c1bcb487cc26dd0d5f7d97098a6c","hash":"1435bf1d292d4970fad9fb7e9a6fc0a9eb4aaa44"}
}
