TN:
SF:/home/erikasilva/Studying/git/udacity-react/reactnd-project-myreads-starter/src/App.js
FN:18,(anonymous_0)
FN:20,(anonymous_1)
FN:28,(anonymous_2)
FN:32,(anonymous_3)
FN:34,(anonymous_4)
FN:39,(anonymous_5)
FN:51,(anonymous_6)
FN:56,(anonymous_7)
FN:73,(anonymous_8)
FNF:9
FNH:0
FNDA:0,(anonymous_0)
FNDA:0,(anonymous_1)
FNDA:0,(anonymous_2)
FNDA:0,(anonymous_3)
FNDA:0,(anonymous_4)
FNDA:0,(anonymous_5)
FNDA:0,(anonymous_6)
FNDA:0,(anonymous_7)
FNDA:0,(anonymous_8)
DA:20,0
DA:29,0
DA:31,0
DA:32,0
DA:33,0
DA:34,0
DA:41,0
DA:43,0
DA:49,0
DA:52,0
DA:57,0
DA:74,0
LF:12
LH:0
BRDA:31,0,0,0
BRDA:31,0,1,0
BRF:2
BRH:0
end_of_record
TN:
SF:/home/erikasilva/Studying/git/udacity-react/reactnd-project-myreads-starter/src/BooksAPI.js
FN:14,(anonymous_0)
FN:16,(anonymous_1)
FN:17,(anonymous_2)
FN:19,(anonymous_3)
FN:21,(anonymous_4)
FN:22,(anonymous_5)
FN:24,(anonymous_6)
FN:32,(anonymous_7)
FN:34,(anonymous_8)
FN:42,(anonymous_9)
FN:43,(anonymous_10)
FNF:11
FNH:0
FNDA:0,(anonymous_0)
FNDA:0,(anonymous_1)
FNDA:0,(anonymous_2)
FNDA:0,(anonymous_3)
FNDA:0,(anonymous_4)
FNDA:0,(anonymous_5)
FNDA:0,(anonymous_6)
FNDA:0,(anonymous_7)
FNDA:0,(anonymous_8)
FNDA:0,(anonymous_9)
FNDA:0,(anonymous_10)
DA:2,2
DA:5,2
DA:6,2
DA:7,2
DA:9,2
DA:14,2
DA:15,0
DA:16,0
DA:17,0
DA:19,2
DA:20,0
DA:21,0
DA:22,0
DA:24,2
DA:25,0
DA:32,0
DA:34,2
DA:35,0
DA:42,0
DA:43,0
LF:20
LH:9
BRDA:6,0,0,2
BRDA:6,0,1,0
BRF:2
BRH:1
end_of_record
TN:
SF:/home/erikasilva/Studying/git/udacity-react/reactnd-project-myreads-starter/src/components/book-search/BookSearch.js
FN:23,(anonymous_0)
FN:24,(anonymous_1)
FN:34,(anonymous_2)
FN:36,(anonymous_3)
FN:37,(anonymous_4)
FN:46,(anonymous_5)
FN:53,(anonymous_6)
FNF:7
FNH:1
FNDA:0,(anonymous_0)
FNDA:0,(anonymous_1)
FNDA:0,(anonymous_2)
FNDA:0,(anonymous_3)
FNDA:0,(anonymous_4)
FNDA:1,(anonymous_5)
FNDA:0,(anonymous_6)
DA:24,0
DA:26,0
DA:28,0
DA:34,0
DA:35,0
DA:36,0
DA:37,0
DA:41,0
DA:47,1
DA:51,1
DA:53,0
LF:11
LH:2
BRDA:26,0,0,0
BRDA:26,0,1,0
BRF:2
BRH:0
end_of_record
TN:
SF:/home/erikasilva/Studying/git/udacity-react/reactnd-project-myreads-starter/src/components/book-shelf/BookShelf.js
FN:10,(anonymous_0)
FN:17,(anonymous_1)
FN:34,(anonymous_2)
FN:44,(anonymous_3)
FN:46,(anonymous_4)
FN:56,(anonymous_5)
FNF:6
FNH:5
FNDA:5,(anonymous_0)
FNDA:5,(anonymous_1)
FNDA:5,(anonymous_2)
FNDA:1,(anonymous_3)
FNDA:25,(anonymous_4)
FNDA:0,(anonymous_5)
DA:10,3
DA:15,5
DA:17,5
DA:20,5
DA:28,5
DA:35,5
DA:44,1
DA:47,25
DA:57,0
LF:9
LH:8
BRDA:15,0,0,0
BRDA:15,0,1,5
BRDA:34,1,0,5
BRDA:34,1,1,5
BRDA:41,2,0,5
BRDA:41,2,1,0
BRDA:47,3,0,5
BRDA:47,3,1,20
BRDA:56,4,0,5
BRDA:56,4,1,0
BRF:10
BRH:7
end_of_record
TN:
SF:/home/erikasilva/Studying/git/udacity-react/reactnd-project-myreads-starter/src/components/seach-bar/SearchBar.js
FN:18,(anonymous_0)
FN:27,(anonymous_1)
FN:37,(anonymous_2)
FNF:3
FNH:0
FNDA:0,(anonymous_0)
FNDA:0,(anonymous_1)
FNDA:0,(anonymous_2)
DA:20,0
DA:21,0
DA:23,0
DA:28,0
DA:37,0
LF:5
LH:0
BRDA:21,0,0,0
BRDA:21,0,1,0
BRF:2
BRH:0
end_of_record
